SF:core/lib/common/exception.dart
DA:6,4
LF:1
LH:1
end_of_record
SF:core/lib/data/datasources/tv_show_local_data_source.dart
DA:18,1
DA:20,1
DA:23,2
DA:26,2
DA:30,1
DA:33,2
DA:36,2
DA:40,1
DA:42,2
DA:44,1
DA:50,1
DA:52,2
DA:53,4
LF:13
LH:13
end_of_record
SF:core/lib/data/models/genre_model.dart
DA:5,7
DA:13,10
DA:14,5
DA:15,5
DA:18,2
DA:19,1
DA:20,1
DA:23,4
DA:24,12
DA:27,4
DA:28,12
LF:11
LH:11
end_of_record
SF:core/lib/data/models/movie_detail_model.dart
DA:6,3
DA:52,2
DA:53,2
DA:54,2
DA:55,2
DA:56,2
DA:57,2
DA:58,8
DA:60,2
DA:61,2
DA:62,2
DA:63,2
DA:64,2
DA:65,2
DA:66,4
DA:67,2
DA:68,2
DA:69,2
DA:70,2
DA:71,2
DA:72,2
DA:73,2
DA:74,2
DA:75,4
DA:76,2
DA:79,2
DA:80,1
DA:81,1
DA:82,1
DA:83,3
DA:84,1
DA:85,1
DA:86,1
DA:87,1
DA:88,1
DA:89,1
DA:90,1
DA:91,1
DA:92,1
DA:93,1
DA:94,1
DA:95,1
DA:96,1
DA:97,1
DA:98,1
DA:99,1
DA:100,1
DA:103,2
DA:104,2
DA:105,2
DA:106,2
DA:107,8
DA:108,2
DA:109,2
DA:110,2
DA:111,2
DA:112,2
DA:113,2
DA:114,2
DA:115,2
DA:116,2
DA:120,1
DA:122,1
DA:123,1
DA:124,1
DA:125,1
DA:126,1
DA:127,1
DA:128,1
DA:129,1
DA:130,1
DA:131,1
DA:132,1
DA:133,1
DA:134,1
DA:135,1
DA:136,1
DA:137,1
DA:138,1
DA:139,1
DA:140,1
DA:141,1
DA:142,1
DA:143,1
LF:84
LH:84
end_of_record
SF:core/lib/data/models/movie_table.dart
DA:11,4
DA:18,4
DA:19,2
DA:20,2
DA:21,2
DA:22,2
DA:25,2
DA:26,1
DA:27,1
DA:28,1
DA:29,1
DA:32,4
DA:33,2
DA:34,2
DA:35,2
DA:36,2
DA:39,4
DA:40,2
DA:41,2
DA:42,2
DA:43,2
DA:46,2
DA:48,10
LF:23
LH:23
end_of_record
SF:core/lib/data/models/tv_show_table.dart
DA:11,4
DA:18,4
DA:19,2
DA:20,2
DA:21,2
DA:22,2
DA:25,2
DA:26,1
DA:27,1
DA:28,1
DA:29,1
DA:32,6
DA:33,3
DA:34,3
DA:35,3
DA:36,3
DA:39,4
DA:40,2
DA:41,2
DA:42,2
DA:43,2
DA:46,2
DA:47,10
LF:23
LH:23
end_of_record
SF:core/lib/domain/entities/genre.dart
DA:4,12
DA:12,3
DA:13,9
LF:3
LH:3
end_of_record
SF:core/lib/domain/entities/movie.dart
DA:4,3
DA:20,2
DA:49,2
DA:50,2
DA:51,2
DA:52,2
DA:53,2
DA:54,2
DA:55,2
DA:56,2
DA:57,2
DA:58,2
DA:59,2
DA:60,2
DA:61,2
DA:62,2
DA:63,2
LF:17
LH:17
end_of_record
SF:core/lib/domain/entities/movie_detail.dart
DA:5,6
DA:33,1
DA:34,1
DA:35,1
DA:36,1
DA:37,1
DA:38,1
DA:39,1
DA:40,1
DA:41,1
DA:42,1
DA:43,1
DA:44,1
DA:45,1
LF:14
LH:14
end_of_record
SF:core/lib/domain/entities/tv_show.dart
DA:18,8
DA:34,2
DA:49,2
DA:50,2
DA:51,2
DA:52,2
DA:53,2
DA:54,2
DA:55,2
DA:56,2
DA:57,2
DA:58,2
DA:59,2
DA:60,2
DA:61,2
DA:62,2
DA:63,2
LF:17
LH:17
end_of_record
SF:core/lib/domain/entities/tv_show_detail.dart
DA:14,6
DA:25,1
DA:26,1
DA:27,1
DA:28,1
DA:29,1
DA:30,1
DA:31,1
DA:32,1
DA:33,1
DA:34,1
LF:11
LH:11
end_of_record
SF:core/lib/common/failure.dart
DA:6,2
DA:8,2
DA:9,4
DA:13,4
DA:17,4
DA:21,4
LF:6
LH:6
end_of_record
SF:core/lib/data/datasources/db/database_helper.dart
DA:10,1
DA:14,2
DA:18,1
DA:20,1
DA:26,1
DA:28,1
DA:36,1
DA:37,1
DA:38,1
DA:40,2
DA:44,1
DA:45,1
DA:54,1
DA:64,1
DA:65,1
DA:66,2
DA:69,1
DA:70,1
DA:71,1
DA:74,2
DA:78,1
DA:79,1
DA:80,1
DA:83,1
DA:86,1
DA:87,1
DA:93,1
DA:94,1
DA:95,1
DA:101,1
DA:102,1
DA:103,2
DA:106,1
DA:107,1
DA:108,1
DA:111,2
DA:115,1
DA:116,1
DA:117,1
DA:120,1
DA:123,1
DA:124,1
DA:130,1
DA:131,1
DA:133,1
LF:45
LH:45
end_of_record
SF:core/lib/data/datasources/movie_local_data_source.dart
DA:18,1
DA:20,1
DA:23,2
DA:26,2
DA:30,1
DA:33,2
DA:36,2
DA:40,1
DA:42,2
DA:44,1
DA:50,1
DA:52,2
DA:53,4
LF:13
LH:13
end_of_record
SF:core/lib/data/datasources/movie_remote_data_source.dart
DA:29,1
DA:31,1
DA:33,1
DA:34,2
DA:36,2
DA:37,4
DA:39,1
DA:43,1
DA:46,4
DA:48,2
DA:49,3
DA:51,1
DA:55,1
DA:57,1
DA:58,3
DA:60,2
DA:61,4
DA:63,1
DA:67,1
DA:70,3
DA:72,2
DA:73,4
DA:75,1
DA:79,1
DA:81,1
DA:82,2
DA:84,2
DA:85,4
DA:87,1
DA:91,1
DA:93,1
DA:94,3
DA:96,2
DA:97,4
DA:99,1
LF:35
LH:35
end_of_record
SF:core/lib/data/datasources/tv_show_remote_data_source.dart
DA:29,1
DA:31,1
DA:34,3
DA:35,2
DA:36,4
DA:38,1
DA:42,1
DA:45,4
DA:46,2
DA:47,3
DA:49,1
DA:53,1
DA:55,1
DA:56,3
DA:57,2
DA:58,4
DA:60,1
DA:64,1
DA:67,3
DA:68,2
DA:69,4
DA:71,1
DA:75,1
DA:77,1
DA:78,2
DA:79,2
DA:80,4
DA:82,1
DA:86,1
DA:88,1
DA:89,3
DA:90,2
DA:91,4
DA:93,1
LF:34
LH:34
end_of_record
SF:core/lib/data/models/movie_model.dart
DA:5,4
DA:35,6
DA:36,3
DA:37,3
DA:38,12
DA:39,3
DA:40,3
DA:41,3
DA:42,6
DA:43,3
DA:44,3
DA:45,3
DA:46,3
DA:47,6
DA:48,3
DA:51,4
DA:52,2
DA:53,2
DA:54,8
DA:55,2
DA:56,2
DA:57,2
DA:58,2
DA:59,2
DA:60,2
DA:61,2
DA:62,2
DA:63,2
DA:64,2
DA:67,2
DA:68,2
DA:69,2
DA:70,2
DA:71,2
DA:72,2
DA:73,2
DA:74,2
DA:75,2
DA:76,2
DA:77,2
DA:78,2
DA:79,2
DA:80,2
DA:81,2
DA:85,3
DA:86,3
DA:87,3
DA:88,3
DA:89,3
DA:90,3
DA:91,3
DA:92,3
DA:93,3
DA:94,3
DA:95,3
DA:96,3
DA:97,3
DA:98,3
DA:99,3
LF:59
LH:59
end_of_record
SF:core/lib/data/models/tv_show_detail_model.dart
DA:15,3
DA:26,2
DA:27,2
DA:28,2
DA:29,2
DA:30,2
DA:31,2
DA:32,2
DA:33,8
DA:35,4
DA:36,2
DA:37,2
DA:40,2
DA:41,2
DA:42,2
DA:43,2
DA:44,2
DA:45,2
DA:46,2
DA:47,2
DA:48,2
DA:49,2
DA:54,4
DA:55,2
DA:56,2
DA:57,2
DA:58,2
DA:59,10
DA:60,2
DA:61,2
DA:62,2
LF:31
LH:31
end_of_record
SF:core/lib/data/models/tv_show_model.dart
DA:19,4
DA:35,6
DA:36,3
DA:37,3
DA:38,3
DA:39,3
DA:40,3
DA:41,3
DA:42,3
DA:43,12
DA:45,3
DA:46,12
DA:48,3
DA:49,3
DA:50,6
DA:51,6
DA:52,3
DA:55,4
DA:56,2
DA:57,2
DA:58,2
DA:59,2
DA:60,2
DA:61,2
DA:62,2
DA:63,8
DA:65,2
DA:66,8
DA:68,2
DA:69,2
DA:70,2
DA:71,2
DA:72,2
DA:75,3
DA:76,3
DA:77,3
DA:78,3
DA:79,3
DA:80,3
DA:81,3
DA:82,3
DA:83,3
DA:84,3
DA:85,3
DA:86,3
DA:87,3
DA:88,3
DA:89,3
DA:94,4
DA:95,2
DA:96,2
DA:97,2
DA:98,2
DA:99,2
DA:100,2
DA:101,2
DA:102,2
DA:103,2
DA:104,2
DA:105,2
DA:106,2
DA:107,2
LF:62
LH:62
end_of_record
SF:core/lib/data/models/movie_response.dart
DA:7,2
DA:9,4
DA:10,2
DA:11,2
DA:12,6
DA:13,6
DA:17,2
DA:18,5
DA:21,1
DA:22,2
LF:10
LH:10
end_of_record
SF:core/lib/data/models/tv_show_response.dart
DA:7,2
DA:9,4
DA:10,2
DA:11,2
DA:12,6
DA:13,6
DA:17,2
DA:18,5
DA:21,1
DA:22,2
LF:10
LH:10
end_of_record
SF:core/lib/data/repositories/movie_repository_impl.dart
DA:17,1
DA:22,1
DA:25,2
DA:26,5
DA:27,1
DA:28,2
DA:29,1
DA:30,2
DA:34,1
DA:37,2
DA:38,2
DA:39,1
DA:40,2
DA:41,1
DA:42,2
DA:46,1
DA:49,2
DA:50,5
DA:51,1
DA:52,2
DA:53,1
DA:54,2
DA:58,1
DA:61,2
DA:62,5
DA:63,1
DA:64,2
DA:65,1
DA:66,2
DA:70,1
DA:73,2
DA:74,5
DA:75,1
DA:76,2
DA:77,1
DA:78,2
DA:82,1
DA:85,2
DA:86,5
DA:87,1
DA:88,2
DA:89,1
DA:90,2
DA:94,1
DA:98,3
DA:99,1
DA:100,1
DA:101,3
DA:107,1
DA:111,3
DA:112,1
DA:113,1
DA:114,3
DA:118,1
DA:120,2
DA:124,1
DA:126,2
DA:127,5
LF:58
LH:58
end_of_record
SF:core/lib/data/repositories/tv_show_repository_impl.dart
DA:19,1
DA:24,1
DA:27,2
DA:28,5
DA:29,1
DA:30,2
DA:31,1
DA:32,2
DA:36,1
DA:39,2
DA:40,2
DA:41,1
DA:42,2
DA:43,1
DA:44,2
DA:48,1
DA:51,2
DA:52,5
DA:53,1
DA:54,2
DA:55,1
DA:56,2
DA:60,1
DA:63,2
DA:64,5
DA:65,1
DA:66,2
DA:67,1
DA:68,2
DA:72,1
DA:75,2
DA:76,5
DA:77,1
DA:78,2
DA:79,1
DA:80,2
DA:84,1
DA:87,2
DA:88,5
DA:89,1
DA:90,2
DA:91,1
DA:92,2
DA:96,1
DA:99,3
DA:100,1
DA:101,1
DA:102,3
DA:106,1
DA:109,3
DA:110,1
DA:111,0
DA:112,0
DA:116,1
DA:118,2
DA:122,1
DA:124,2
DA:125,5
LF:58
LH:56
end_of_record
SF:core/lib/domain/usecases/get_top_rated_movies.dart
DA:9,1
DA:11,1
DA:12,2
LF:3
LH:3
end_of_record
SF:core/lib/domain/usecases/get_popular_shows.dart
DA:9,1
DA:11,1
DA:12,2
LF:3
LH:3
end_of_record
SF:core/lib/domain/usecases/save_to_watchlist.dart
DA:9,1
DA:11,1
DA:12,2
LF:3
LH:3
end_of_record
SF:core/lib/domain/usecases/save_watchlist.dart
DA:9,1
DA:11,1
DA:12,2
LF:3
LH:3
end_of_record
SF:core/lib/domain/usecases/get_movie_detail.dart
DA:9,1
DA:11,1
DA:12,2
LF:3
LH:3
end_of_record
SF:core/lib/domain/usecases/get_top_rated_shows.dart
DA:9,1
DA:11,1
DA:12,2
LF:3
LH:3
end_of_record
SF:core/lib/domain/usecases/remove_from_watchlist.dart
DA:9,1
DA:11,1
DA:12,2
LF:3
LH:3
end_of_record
SF:core/lib/domain/usecases/get_show_recommendations.dart
DA:9,1
DA:11,1
DA:12,2
LF:3
LH:3
end_of_record
SF:core/lib/domain/usecases/get_watchlist_shows.dart
DA:9,1
DA:11,1
DA:12,2
LF:3
LH:3
end_of_record
SF:core/lib/domain/usecases/get_on_the_air_shows.dart
DA:9,1
DA:11,1
DA:12,2
LF:3
LH:3
end_of_record
SF:core/lib/domain/usecases/search_shows.dart
DA:9,1
DA:11,1
DA:12,2
LF:3
LH:3
end_of_record
SF:core/lib/domain/usecases/get_movie_recommendations.dart
DA:9,1
DA:11,1
DA:12,2
LF:3
LH:3
end_of_record
SF:core/lib/domain/usecases/get_watchlist_movies.dart
DA:9,1
DA:11,1
DA:12,2
LF:3
LH:3
end_of_record
SF:core/lib/domain/usecases/get_now_playing_movies.dart
DA:9,1
DA:11,1
DA:12,2
LF:3
LH:3
end_of_record
SF:core/lib/domain/usecases/remove_watchlist.dart
DA:9,1
DA:11,1
DA:12,2
LF:3
LH:3
end_of_record
SF:core/lib/domain/usecases/get_show_watchlist_status.dart
DA:6,1
DA:8,1
DA:9,2
LF:3
LH:3
end_of_record
SF:core/lib/domain/usecases/get_popular_movies.dart
DA:9,1
DA:11,1
DA:12,2
LF:3
LH:3
end_of_record
SF:core/lib/domain/usecases/search_movies.dart
DA:9,1
DA:11,1
DA:12,2
LF:3
LH:3
end_of_record
SF:core/lib/domain/usecases/get_show_detail.dart
DA:9,1
DA:11,1
DA:12,2
LF:3
LH:3
end_of_record
SF:core/lib/domain/usecases/get_watchlist_status.dart
DA:6,1
DA:8,1
DA:9,2
LF:3
LH:3
end_of_record
SF:movie/lib/presentation/bloc/popular/popular_movies_state.dart
DA:4,2
DA:6,1
DA:7,1
DA:17,2
DA:19,1
DA:20,2
DA:26,2
DA:28,1
DA:29,2
LF:9
LH:9
end_of_record
SF:movie/lib/presentation/bloc/popular/popular_movies_bloc.dart
DA:13,3
DA:14,2
DA:15,2
DA:16,2
DA:18,1
DA:19,1
DA:20,3
DA:22,1
DA:23,2
LF:9
LH:9
end_of_record
SF:movie/lib/presentation/bloc/popular/popular_movies_event.dart
DA:4,2
DA:6,0
DA:7,0
LF:3
LH:1
end_of_record
SF:movie/lib/presentation/bloc/detail/movie_detail_event.dart
DA:4,2
DA:6,0
DA:7,0
DA:13,2
DA:15,1
DA:16,2
DA:22,2
DA:24,1
DA:25,2
DA:31,1
DA:33,1
DA:34,2
DA:40,2
DA:42,1
DA:43,2
LF:15
LH:13
end_of_record
SF:movie/lib/presentation/bloc/detail/movie_detail_state.dart
DA:14,5
DA:24,2
DA:36,2
DA:45,2
DA:46,1
DA:47,1
DA:48,2
DA:50,2
DA:51,1
DA:52,2
DA:53,2
DA:57,1
DA:58,1
DA:59,1
DA:60,1
DA:61,1
DA:62,1
DA:63,1
DA:64,1
DA:65,1
LF:20
LH:20
end_of_record
SF:movie/lib/presentation/bloc/detail/movie_detail_bloc.dart
DA:24,1
DA:35,2
DA:36,2
DA:37,3
DA:38,3
DA:40,3
DA:42,1
DA:43,1
DA:44,1
DA:45,2
DA:47,1
DA:51,1
DA:52,1
DA:53,2
DA:60,1
DA:61,1
DA:62,1
DA:63,2
DA:65,1
DA:69,1
DA:70,1
DA:71,2
DA:82,2
DA:83,3
DA:85,1
DA:86,1
DA:87,4
DA:89,1
DA:90,3
DA:94,4
DA:97,2
DA:98,3
DA:100,1
DA:101,1
DA:102,4
DA:104,1
DA:105,3
DA:109,4
DA:112,2
DA:113,3
DA:114,3
LF:41
LH:41
end_of_record
SF:movie/lib/presentation/bloc/top_rated/top_rated_movies_bloc.dart
DA:13,3
DA:14,2
DA:15,2
DA:16,2
DA:18,1
DA:19,1
DA:20,3
DA:22,1
DA:23,2
LF:9
LH:9
end_of_record
SF:movie/lib/presentation/bloc/top_rated/top_rated_movies_event.dart
DA:4,2
DA:6,0
DA:7,0
LF:3
LH:1
end_of_record
SF:movie/lib/presentation/bloc/top_rated/top_rated_movies_state.dart
DA:4,2
DA:6,1
DA:7,1
DA:17,2
DA:19,1
DA:20,2
DA:26,2
DA:28,1
DA:29,2
LF:9
LH:9
end_of_record
SF:movie/lib/presentation/pages/movie_detail_page.dart
DA:16,1
DA:18,1
DA:19,1
DA:23,1
DA:25,1
DA:26,2
DA:27,6
DA:28,6
DA:32,1
DA:34,1
DA:35,1
DA:36,1
DA:37,2
DA:41,2
DA:42,1
DA:43,1
DA:44,1
DA:46,1
DA:47,1
DA:50,0
DA:51,0
DA:66,1
DA:68,1
DA:70,3
DA:71,1
DA:72,1
DA:73,1
DA:74,3
DA:76,1
DA:79,0
DA:81,1
DA:83,1
DA:84,1
DA:85,1
DA:95,1
DA:96,1
DA:97,1
DA:99,1
DA:101,1
DA:103,1
DA:104,1
DA:105,2
DA:106,1
DA:108,1
DA:109,1
DA:110,2
DA:111,1
DA:112,2
DA:113,1
DA:114,1
DA:115,1
DA:118,1
DA:121,2
DA:122,2
DA:125,1
DA:127,1
DA:128,1
DA:129,1
DA:135,1
DA:136,1
DA:137,1
DA:139,1
DA:140,3
DA:143,0
DA:144,0
DA:147,1
DA:149,1
DA:150,1
DA:158,1
DA:159,3
DA:161,1
DA:162,3
DA:164,1
DA:165,1
DA:166,1
DA:167,3
DA:169,1
DA:175,4
DA:179,1
DA:181,1
DA:183,1
DA:184,2
DA:187,1
DA:189,1
DA:191,1
DA:192,1
DA:193,2
DA:198,2
DA:200,0
DA:201,2
DA:203,1
DA:205,1
DA:207,1
DA:208,2
DA:209,1
DA:211,1
DA:212,0
DA:213,0
DA:216,0
DA:219,1
DA:224,1
DA:226,2
DA:227,1
DA:233,0
DA:240,2
DA:244,1
DA:252,1
DA:254,1
DA:269,1
DA:271,1
DA:274,1
DA:276,0
DA:277,0
DA:286,1
DA:288,2
DA:289,3
DA:292,1
DA:296,3
DA:299,1
DA:300,1
DA:301,1
DA:303,1
DA:304,1
DA:306,0
LF:124
LH:111
end_of_record
SF:movie/lib/presentation/pages/top_rated_movies_page.dart
DA:9,1
DA:10,1
DA:14,1
DA:16,1
DA:17,1
DA:18,5
DA:22,1
DA:24,1
DA:25,1
DA:28,1
DA:30,1
DA:31,1
DA:32,1
DA:36,1
DA:37,1
DA:38,1
DA:39,2
DA:40,1
DA:42,2
DA:44,1
DA:45,1
DA:47,2
LF:22
LH:22
end_of_record
SF:movie/lib/presentation/pages/popular_movies_page.dart
DA:9,1
DA:10,1
DA:14,1
DA:16,1
DA:17,1
DA:18,5
DA:22,1
DA:24,1
DA:25,1
DA:28,1
DA:30,1
DA:31,1
DA:32,1
DA:36,1
DA:37,1
DA:38,1
DA:39,2
DA:40,1
DA:42,2
DA:44,1
DA:45,1
DA:47,2
LF:22
LH:22
end_of_record
SF:movie/lib/presentation/bloc/search/movie_search_state.dart
DA:4,1
DA:6,1
DA:7,1
DA:17,1
DA:19,1
DA:20,2
DA:26,1
DA:28,1
DA:29,2
LF:9
LH:9
end_of_record
SF:movie/lib/presentation/bloc/search/movie_search_bloc.dart
DA:13,3
DA:14,1
DA:15,1
DA:16,1
DA:18,2
DA:19,2
DA:21,1
DA:22,1
DA:23,3
DA:25,1
DA:26,2
DA:30,1
DA:34,1
DA:35,3
LF:14
LH:14
end_of_record
SF:movie/lib/presentation/bloc/search/movie_search_event.dart
DA:4,1
DA:6,0
DA:7,0
DA:13,1
DA:15,1
DA:16,2
LF:6
LH:4
end_of_record
SF:movie/lib/presentation/bloc/watchlist/watchlist_movie_state.dart
DA:4,1
DA:6,1
DA:7,1
DA:17,1
DA:19,1
DA:20,2
DA:26,1
DA:28,1
DA:29,2
LF:9
LH:9
end_of_record
SF:movie/lib/presentation/bloc/watchlist/watchlist_movie_bloc.dart
DA:13,3
DA:14,2
DA:15,2
DA:16,2
DA:18,1
DA:19,1
DA:20,3
DA:22,1
DA:23,2
LF:9
LH:9
end_of_record
SF:movie/lib/presentation/bloc/watchlist/watchlist_movie_event.dart
DA:4,1
DA:6,0
DA:7,0
LF:3
LH:1
end_of_record
SF:movie/lib/presentation/bloc/now_playing/now_playing_movies_state.dart
DA:4,1
DA:6,1
DA:7,1
DA:17,1
DA:19,1
DA:20,2
DA:26,1
DA:28,1
DA:29,2
LF:9
LH:9
end_of_record
SF:movie/lib/presentation/bloc/now_playing/now_playing_movies_bloc.dart
DA:13,1
DA:14,2
DA:15,2
DA:16,2
DA:17,2
DA:19,1
DA:20,1
DA:21,3
DA:23,1
DA:24,2
LF:10
LH:10
end_of_record
SF:movie/lib/presentation/bloc/now_playing/now_playing_movies_event.dart
DA:4,1
DA:6,0
DA:7,0
LF:3
LH:1
end_of_record
SF:tv/lib/presentation/bloc/popular/popular_shows_bloc.dart
DA:13,3
DA:14,2
DA:15,2
DA:16,2
DA:18,1
DA:19,1
DA:20,3
DA:22,1
DA:23,2
LF:9
LH:9
end_of_record
SF:tv/lib/presentation/bloc/popular/popular_shows_state.dart
DA:4,1
DA:6,1
DA:7,1
DA:17,1
DA:19,1
DA:20,2
DA:26,1
DA:28,1
DA:29,2
LF:9
LH:9
end_of_record
SF:tv/lib/presentation/bloc/popular/popular_shows_event.dart
DA:4,1
DA:6,0
DA:7,0
LF:3
LH:1
end_of_record
SF:tv/lib/presentation/bloc/detail/show_detail_state.dart
DA:14,1
DA:24,1
DA:36,1
DA:45,1
DA:46,1
DA:47,1
DA:48,1
DA:50,1
DA:51,1
DA:52,1
DA:53,1
DA:57,1
DA:58,1
DA:59,1
DA:60,1
DA:61,1
DA:62,1
DA:63,1
DA:64,1
DA:65,1
LF:20
LH:20
end_of_record
SF:tv/lib/presentation/bloc/detail/show_detail_event.dart
DA:4,1
DA:6,0
DA:7,0
DA:13,1
DA:15,1
DA:16,2
DA:22,1
DA:24,1
DA:25,2
DA:31,1
DA:33,1
DA:34,2
DA:40,1
DA:42,1
DA:43,2
LF:15
LH:13
end_of_record
SF:tv/lib/presentation/bloc/detail/show_detail_bloc.dart
DA:24,1
DA:35,2
DA:36,2
DA:37,3
DA:38,3
DA:40,3
DA:42,1
DA:43,1
DA:44,1
DA:45,2
DA:47,1
DA:51,1
DA:52,1
DA:53,2
DA:60,1
DA:61,1
DA:62,1
DA:63,2
DA:65,1
DA:69,1
DA:70,1
DA:71,2
DA:82,2
DA:83,3
DA:85,1
DA:86,1
DA:87,4
DA:89,1
DA:90,3
DA:94,4
DA:97,2
DA:98,3
DA:100,1
DA:101,1
DA:102,4
DA:104,1
DA:105,3
DA:109,4
DA:112,2
DA:113,3
DA:114,3
LF:41
LH:41
end_of_record
SF:tv/lib/presentation/bloc/top_rated/top_rated_shows_state.dart
DA:4,1
DA:6,1
DA:7,1
DA:17,1
DA:19,1
DA:20,2
DA:26,1
DA:28,1
DA:29,2
LF:9
LH:9
end_of_record
SF:tv/lib/presentation/bloc/top_rated/top_rated_shows_bloc.dart
DA:12,3
DA:13,2
DA:14,2
DA:15,2
DA:17,1
DA:18,1
DA:19,3
DA:21,1
DA:22,2
LF:9
LH:9
end_of_record
SF:tv/lib/presentation/bloc/top_rated/top_rated_shows_event.dart
DA:4,1
DA:6,0
DA:7,0
LF:3
LH:1
end_of_record
SF:tv/lib/presentation/bloc/watchlist/watchlist_shows_state.dart
DA:4,1
DA:6,1
DA:7,1
DA:17,1
DA:19,1
DA:20,2
DA:26,1
DA:28,1
DA:29,2
LF:9
LH:9
end_of_record
SF:tv/lib/presentation/bloc/watchlist/watchlist_shows_event.dart
DA:4,1
DA:6,0
DA:7,0
LF:3
LH:1
end_of_record
SF:tv/lib/presentation/bloc/watchlist/watchlist_shows_bloc.dart
DA:13,3
DA:14,2
DA:15,2
DA:16,2
DA:18,1
DA:19,1
DA:20,3
DA:22,1
DA:23,2
LF:9
LH:9
end_of_record
SF:tv/lib/presentation/bloc/on_the_air/on_the_air_shows_event.dart
DA:4,1
DA:6,0
DA:7,0
LF:3
LH:1
end_of_record
SF:tv/lib/presentation/bloc/on_the_air/on_the_air_shows_state.dart
DA:4,1
DA:6,1
DA:7,1
DA:17,1
DA:19,1
DA:20,2
DA:26,1
DA:28,1
DA:29,2
LF:9
LH:9
end_of_record
SF:tv/lib/presentation/bloc/on_the_air/on_the_air_shows_bloc.dart
DA:12,3
DA:13,2
DA:14,2
DA:15,2
DA:17,1
DA:18,1
DA:19,3
DA:21,1
DA:22,2
LF:9
LH:9
end_of_record
SF:tv/lib/presentation/bloc/search/show_search_event.dart
DA:4,1
DA:6,0
DA:7,0
DA:13,1
DA:15,1
DA:16,2
LF:6
LH:4
end_of_record
SF:tv/lib/presentation/bloc/search/show_search_state.dart
DA:4,1
DA:6,1
DA:7,1
DA:17,1
DA:19,1
DA:20,2
DA:26,1
DA:28,1
DA:29,2
LF:9
LH:9
end_of_record
SF:tv/lib/presentation/bloc/search/show_search_bloc.dart
DA:13,3
DA:14,1
DA:15,1
DA:16,1
DA:18,2
DA:19,2
DA:21,1
DA:22,1
DA:23,3
DA:25,1
DA:26,2
DA:30,1
DA:34,1
DA:35,3
LF:14
LH:14
end_of_record
